0 info it worked if it ends with ok
1 verbose cli [ 'C:\\Program Files\\nodejs\\\\node.exe',
1 verbose cli   'C:\\Program Files\\nodejs\\node_modules\\npm\\bin\\npm-cli.js',
1 verbose cli   'install',
1 verbose cli   'grunt-jsdoc-md',
1 verbose cli   '--save-dev' ]
2 info using npm@1.3.11
3 info using node@v0.10.20
4 verbose node symlink C:\Program Files\nodejs\\node.exe
5 warn package.json jasmine@0.0.0 No repository field.
6 warn package.json jasmine@0.0.0 No README data
7 verbose readDependencies using package.json deps
8 verbose cache add [ 'grunt-jsdoc-md', null ]
9 verbose cache add name=undefined spec="grunt-jsdoc-md" args=["grunt-jsdoc-md",null]
10 verbose parsed url { protocol: null,
10 verbose parsed url   slashes: null,
10 verbose parsed url   auth: null,
10 verbose parsed url   host: null,
10 verbose parsed url   port: null,
10 verbose parsed url   hostname: null,
10 verbose parsed url   hash: null,
10 verbose parsed url   search: null,
10 verbose parsed url   query: null,
10 verbose parsed url   pathname: 'grunt-jsdoc-md',
10 verbose parsed url   path: 'grunt-jsdoc-md',
10 verbose parsed url   href: 'grunt-jsdoc-md' }
11 silly lockFile f2a28b90-grunt-jsdoc-md grunt-jsdoc-md
12 verbose lock grunt-jsdoc-md C:\Users\Igor_Mucsicska@epam.com\AppData\Roaming\npm-cache\f2a28b90-grunt-jsdoc-md.lock
13 silly lockFile f2a28b90-grunt-jsdoc-md grunt-jsdoc-md
14 silly lockFile f2a28b90-grunt-jsdoc-md grunt-jsdoc-md
15 verbose addNamed [ 'grunt-jsdoc-md', '' ]
16 verbose addNamed [ null, '*' ]
17 silly lockFile e7f2f4ec-grunt-jsdoc-md grunt-jsdoc-md@
18 verbose lock grunt-jsdoc-md@ C:\Users\Igor_Mucsicska@epam.com\AppData\Roaming\npm-cache\e7f2f4ec-grunt-jsdoc-md.lock
19 silly addNameRange { name: 'grunt-jsdoc-md', range: '*', hasData: false }
20 verbose url raw grunt-jsdoc-md
21 verbose url resolving [ 'https://registry.npmjs.org/', './grunt-jsdoc-md' ]
22 verbose url resolved https://registry.npmjs.org/grunt-jsdoc-md
23 info trying registry request attempt 1 at 13:56:59
24 http GET https://registry.npmjs.org/grunt-jsdoc-md
25 http 404 https://registry.npmjs.org/grunt-jsdoc-md
26 silly registry.get cb [ 404,
26 silly registry.get   { date: 'Wed, 26 Feb 2014 12:57:03 GMT',
26 silly registry.get     server: 'CouchDB/1.5.0 (Erlang OTP/R16B)',
26 silly registry.get     'content-type': 'application/json',
26 silly registry.get     via: '1.1 varnish',
26 silly registry.get     'cache-control': 'max-age=0',
26 silly registry.get     'content-length': '52',
26 silly registry.get     'accept-ranges': 'bytes',
26 silly registry.get     age: '0',
26 silly registry.get     'x-served-by': 'cache-v37-ASH, cache-fra1224-FRA',
26 silly registry.get     'x-cache': 'MISS, MISS',
26 silly registry.get     'x-cache-hits': '0, 0',
26 silly registry.get     'x-timer': 'S1393419422.980438709,VS0,VS123,VE151,VE120',
26 silly registry.get     'keep-alive': 'timeout=10, max=50',
26 silly registry.get     connection: 'Keep-Alive' } ]
27 silly lockFile e7f2f4ec-grunt-jsdoc-md grunt-jsdoc-md@
28 silly lockFile e7f2f4ec-grunt-jsdoc-md grunt-jsdoc-md@
29 error 404 'grunt-jsdoc-md' is not in the npm registry.
29 error 404 You should bug the author to publish it
29 error 404
29 error 404 Note that you can also install from a
29 error 404 tarball, folder, or http url, or git url.
30 error System Windows_NT 6.1.7601
31 error command "C:\\Program Files\\nodejs\\\\node.exe" "C:\\Program Files\\nodejs\\node_modules\\npm\\bin\\npm-cli.js" "install" "grunt-jsdoc-md" "--save-dev"
32 error cwd D:\myprojects\di
33 error node -v v0.10.20
34 error npm -v 1.3.11
35 error code E404
36 verbose exit [ 1, true ]
